#! /usr/bin/vvp
:ivl_version "12.0 (stable)";
:ivl_delay_selection "TYPICAL";
:vpi_time_precision + 0;
:vpi_module "/usr/lib64/ivl/system.vpi";
:vpi_module "/usr/lib64/ivl/vhdl_sys.vpi";
:vpi_module "/usr/lib64/ivl/vhdl_textio.vpi";
:vpi_module "/usr/lib64/ivl/v2005_math.vpi";
:vpi_module "/usr/lib64/ivl/va_math.vpi";
S_0x55aae29ed5c0 .scope module, "tb_full_adder" "tb_full_adder" 2 1;
 .timescale 0 0;
v0x55aae2a02f70_0 .var "a", 0 0;
v0x55aae2a03060_0 .var "b", 0 0;
v0x55aae2a03170_0 .var "cin", 0 0;
v0x55aae2a03260_0 .net "cout", 0 0, L_0x55aae2a03940;  1 drivers
v0x55aae2a03300_0 .var/i "i", 31 0;
v0x55aae2a033f0_0 .net "sum", 0 0, L_0x55aae2a036e0;  1 drivers
S_0x55aae29ed750 .scope module, "dut" "full_adder" 2 11, 3 1 0, S_0x55aae29ed5c0;
 .timescale 0 0;
    .port_info 0 /INPUT 1 "a";
    .port_info 1 /INPUT 1 "b";
    .port_info 2 /INPUT 1 "cin";
    .port_info 3 /OUTPUT 1 "sum";
    .port_info 4 /OUTPUT 1 "cout";
L_0x55aae2a03940 .functor OR 1, L_0x55aae2a03570, L_0x55aae2a03820, C4<0>, C4<0>;
v0x55aae2a028c0_0 .net "a", 0 0, v0x55aae2a02f70_0;  1 drivers
v0x55aae2a02980_0 .net "b", 0 0, v0x55aae2a03060_0;  1 drivers
v0x55aae2a02a50_0 .net "c1", 0 0, L_0x55aae2a03570;  1 drivers
v0x55aae2a02b50_0 .net "c2", 0 0, L_0x55aae2a03820;  1 drivers
v0x55aae2a02c20_0 .net "cin", 0 0, v0x55aae2a03170_0;  1 drivers
v0x55aae2a02d10_0 .net "cout", 0 0, L_0x55aae2a03940;  alias, 1 drivers
v0x55aae2a02db0_0 .net "s1", 0 0, L_0x55aae2a034e0;  1 drivers
v0x55aae2a02ea0_0 .net "sum", 0 0, L_0x55aae2a036e0;  alias, 1 drivers
S_0x55aae29eea40 .scope module, "a1" "half_adder" 3 13, 4 1 0, S_0x55aae29ed750;
 .timescale 0 0;
    .port_info 0 /INPUT 1 "a";
    .port_info 1 /INPUT 1 "b";
    .port_info 2 /OUTPUT 1 "sum";
    .port_info 3 /OUTPUT 1 "carry";
L_0x55aae2a034e0 .functor XOR 1, v0x55aae2a02f70_0, v0x55aae2a03060_0, C4<0>, C4<0>;
L_0x55aae2a03570 .functor AND 1, v0x55aae2a02f70_0, v0x55aae2a03060_0, C4<1>, C4<1>;
v0x55aae29eec90_0 .net "a", 0 0, v0x55aae2a02f70_0;  alias, 1 drivers
v0x55aae2a01fd0_0 .net "b", 0 0, v0x55aae2a03060_0;  alias, 1 drivers
v0x55aae2a02090_0 .net "carry", 0 0, L_0x55aae2a03570;  alias, 1 drivers
v0x55aae2a02130_0 .net "sum", 0 0, L_0x55aae2a034e0;  alias, 1 drivers
S_0x55aae2a022a0 .scope module, "a2" "half_adder" 3 20, 4 1 0, S_0x55aae29ed750;
 .timescale 0 0;
    .port_info 0 /INPUT 1 "a";
    .port_info 1 /INPUT 1 "b";
    .port_info 2 /OUTPUT 1 "sum";
    .port_info 3 /OUTPUT 1 "carry";
L_0x55aae2a036e0 .functor XOR 1, v0x55aae2a03170_0, L_0x55aae2a034e0, C4<0>, C4<0>;
L_0x55aae2a03820 .functor AND 1, v0x55aae2a03170_0, L_0x55aae2a034e0, C4<1>, C4<1>;
v0x55aae2a02510_0 .net "a", 0 0, v0x55aae2a03170_0;  alias, 1 drivers
v0x55aae2a025d0_0 .net "b", 0 0, L_0x55aae2a034e0;  alias, 1 drivers
v0x55aae2a026c0_0 .net "carry", 0 0, L_0x55aae2a03820;  alias, 1 drivers
v0x55aae2a02790_0 .net "sum", 0 0, L_0x55aae2a036e0;  alias, 1 drivers
    .scope S_0x55aae29ed5c0;
T_0 ;
    %vpi_call 2 20 "$dumpfile", "wave.vcd" {0 0 0};
    %vpi_call 2 21 "$dumpvars", 32'sb00000000000000000000000000000001, S_0x55aae29ed5c0 {0 0 0};
    %pushi/vec4 0, 0, 32;
    %store/vec4 v0x55aae2a03300_0, 0, 32;
T_0.0 ;
    %load/vec4 v0x55aae2a03300_0;
    %cmpi/s 8, 0, 32;
    %jmp/0xz T_0.1, 5;
    %load/vec4 v0x55aae2a03300_0;
    %pad/s 3;
    %split/vec4 1;
    %store/vec4 v0x55aae2a03060_0, 0, 1;
    %split/vec4 1;
    %store/vec4 v0x55aae2a02f70_0, 0, 1;
    %store/vec4 v0x55aae2a03170_0, 0, 1;
    %delay 10, 0;
    %load/vec4 v0x55aae2a03300_0;
    %addi 1, 0, 32;
    %store/vec4 v0x55aae2a03300_0, 0, 32;
    %jmp T_0.0;
T_0.1 ;
    %vpi_call 2 28 "$finish" {0 0 0};
    %end;
    .thread T_0;
# The file index is used to find the file name in the following table.
:file_names 5;
    "N/A";
    "<interactive>";
    "tb/tb_full_adder.v";
    "rtl/full_adder.v";
    "rtl/half_adder.v";
